  [1m[36m (1.0ms)[0m  [1mCREATE TABLE "schema_migrations" ("version" varchar(255) NOT NULL) [0m
  [1m[35m (0.4ms)[0m  select sqlite_version(*)
  [1m[36m (1.0ms)[0m  [1mCREATE UNIQUE INDEX "unique_schema_migrations" ON "schema_migrations" ("version")[0m
  [1m[35mActiveRecord::SchemaMigration Load (0.1ms)[0m  SELECT "schema_migrations".* FROM "schema_migrations"
Migrating to CreateGames (20141108084722)
  [1m[36m (0.1ms)[0m  [1mbegin transaction[0m
  [1m[35m (0.4ms)[0m  CREATE TABLE "games" ("id" INTEGER PRIMARY KEY AUTOINCREMENT NOT NULL, "name" varchar(255), "created_at" datetime, "updated_at" datetime) 
  [1m[36mSQL (0.2ms)[0m  [1mINSERT INTO "schema_migrations" ("version") VALUES (?)[0m  [["version", "20141108084722"]]
  [1m[35m (1.1ms)[0m  commit transaction
Migrating to CreatePlayers (20141108084817)
  [1m[36m (0.1ms)[0m  [1mbegin transaction[0m
  [1m[35m (0.3ms)[0m  CREATE TABLE "players" ("id" INTEGER PRIMARY KEY AUTOINCREMENT NOT NULL, "game_id" integer, "name" varchar(255), "created_at" datetime, "updated_at" datetime) 
  [1m[36m (0.1ms)[0m  [1mCREATE  INDEX "index_players_on_game_id" ON "players" ("game_id")[0m
  [1m[35mSQL (0.1ms)[0m  INSERT INTO "schema_migrations" ("version") VALUES (?)  [["version", "20141108084817"]]
  [1m[36m (0.8ms)[0m  [1mcommit transaction[0m
Migrating to CreateRounds (20141108085050)
  [1m[35m (0.0ms)[0m  begin transaction
  [1m[36m (0.3ms)[0m  [1mCREATE TABLE "rounds" ("id" INTEGER PRIMARY KEY AUTOINCREMENT NOT NULL, "game_id" integer, "type" varchar(255), "created_at" datetime, "updated_at" datetime) [0m
  [1m[35m (0.1ms)[0m  CREATE  INDEX "index_rounds_on_game_id" ON "rounds" ("game_id")
  [1m[36mSQL (0.1ms)[0m  [1mINSERT INTO "schema_migrations" ("version") VALUES (?)[0m  [["version", "20141108085050"]]
  [1m[35m (0.8ms)[0m  commit transaction
Migrating to CreateVotings (20141108085459)
  [1m[36m (0.0ms)[0m  [1mbegin transaction[0m
  [1m[35m (0.3ms)[0m  CREATE TABLE "votings" ("id" INTEGER PRIMARY KEY AUTOINCREMENT NOT NULL, "round_id" integer, "voter_id" integer, "voted_id" integer, "created_at" datetime, "updated_at" datetime) 
  [1m[36m (0.1ms)[0m  [1mCREATE  INDEX "index_votings_on_round_id" ON "votings" ("round_id")[0m
  [1m[35m (0.1ms)[0m              SELECT sql
            FROM sqlite_master
            WHERE name='index_votings_on_round_id' AND type='index'
            UNION ALL
            SELECT sql
            FROM sqlite_temp_master
            WHERE name='index_votings_on_round_id' AND type='index'

  [1m[36m (0.1ms)[0m  [1mCREATE  INDEX "index_votings_on_voter_id" ON "votings" ("voter_id")[0m
  [1m[35m (0.0ms)[0m              SELECT sql
            FROM sqlite_master
            WHERE name='index_votings_on_voter_id' AND type='index'
            UNION ALL
            SELECT sql
            FROM sqlite_temp_master
            WHERE name='index_votings_on_voter_id' AND type='index'

  [1m[36m (0.0ms)[0m  [1m            SELECT sql
            FROM sqlite_master
            WHERE name='index_votings_on_round_id' AND type='index'
            UNION ALL
            SELECT sql
            FROM sqlite_temp_master
            WHERE name='index_votings_on_round_id' AND type='index'
[0m
  [1m[35m (0.1ms)[0m  CREATE  INDEX "index_votings_on_voted_id" ON "votings" ("voted_id")
  [1m[36mSQL (0.1ms)[0m  [1mINSERT INTO "schema_migrations" ("version") VALUES (?)[0m  [["version", "20141108085459"]]
  [1m[35m (0.9ms)[0m  commit transaction
  [1m[36mActiveRecord::SchemaMigration Load (0.1ms)[0m  [1mSELECT "schema_migrations".* FROM "schema_migrations"[0m
  [1m[35m (0.1ms)[0m              SELECT sql
            FROM sqlite_master
            WHERE name='index_players_on_game_id' AND type='index'
            UNION ALL
            SELECT sql
            FROM sqlite_temp_master
            WHERE name='index_players_on_game_id' AND type='index'

  [1m[36m (0.1ms)[0m  [1m            SELECT sql
            FROM sqlite_master
            WHERE name='index_rounds_on_game_id' AND type='index'
            UNION ALL
            SELECT sql
            FROM sqlite_temp_master
            WHERE name='index_rounds_on_game_id' AND type='index'
[0m
  [1m[35m (0.1ms)[0m              SELECT sql
            FROM sqlite_master
            WHERE name='index_votings_on_voted_id' AND type='index'
            UNION ALL
            SELECT sql
            FROM sqlite_temp_master
            WHERE name='index_votings_on_voted_id' AND type='index'

  [1m[36m (0.1ms)[0m  [1m            SELECT sql
            FROM sqlite_master
            WHERE name='index_votings_on_voter_id' AND type='index'
            UNION ALL
            SELECT sql
            FROM sqlite_temp_master
            WHERE name='index_votings_on_voter_id' AND type='index'
[0m
  [1m[35m (0.1ms)[0m              SELECT sql
            FROM sqlite_master
            WHERE name='index_votings_on_round_id' AND type='index'
            UNION ALL
            SELECT sql
            FROM sqlite_temp_master
            WHERE name='index_votings_on_round_id' AND type='index'

